<?xml version="1.0" encoding="UTF-8"?>
<!-- Generated by org.testng.reporters.JUnitReportReporter -->
<testsuite hostname="Deepaks-MacBook-Pro-3.local" name="com.app.automation.WebPageAutomation" tests="2" failures="0" timestamp="23 Aug 2016 15:34:41 GMT" time="2.779" errors="0">
  <testcase name="verifyMobileApp" time="2.375" classname="com.app.automation.WebPageAutomation"/>
  <testcase name="testMobilePage" time="0.404" classname="com.app.automation.WebPageAutomation"/>
</testsuite> <!-- com.app.automation.WebPageAutomation -->
