<?xml version="1.0" encoding="UTF-8"?>
<!-- Generated by org.testng.reporters.JUnitReportReporter -->
<testsuite hostname="Deepaks-MacBook-Pro-3.local" name="com.app.automation.WebPageAutomation" tests="5" failures="0" timestamp="28 Aug 2016 04:18:06 GMT" time="4.703" errors="0">
  <testcase name="launchWebApp" time="1.603" classname="com.app.automation.WebPageAutomation"/>
  <testcase name="compareItemPrice" time="0.885" classname="com.app.automation.WebPageAutomation"/>
  <testcase name="testMobilePage" time="0.430" classname="com.app.automation.WebPageAutomation"/>
  <testcase name="verifyAddCartItems" time="1.400" classname="com.app.automation.WebPageAutomation"/>
  <testcase name="verifyItemSortByName" time="0.385" classname="com.app.automation.WebPageAutomation"/>
</testsuite> <!-- com.app.automation.WebPageAutomation -->
