<?xml version="1.0" encoding="UTF-8"?>
<!-- Generated by org.testng.reporters.JUnitReportReporter -->
<testsuite hostname="Deepaks-MacBook-Pro-3.local" name="com.app.testGuru.first.SortWebElements" tests="1" failures="0" timestamp="23 Aug 2016 06:06:41 GMT" time="1.151" errors="0">
  <testcase name="verifyMobileApp" time="1.151" classname="com.app.testGuru.first.SortWebElements"/>
</testsuite> <!-- com.app.testGuru.first.SortWebElements -->
