<?xml version="1.0" encoding="UTF-8"?>
<!-- Generated by org.testng.reporters.JUnitReportReporter -->
<testsuite hostname="Deepaks-MacBook-Pro-3.local" name="com.app.testGuru.first.NewTest" tests="3" failures="0" timestamp="14 Aug 2016 01:36:02 GMT" time="3.125" errors="0">
  <testcase name="pageSortByName" time="0.360" classname="com.app.testGuru.first.NewTest"/>
  <testcase name="verifyMobileApp" time="0.103" classname="com.app.testGuru.first.NewTest"/>
  <testcase name="testMobilePage" time="2.662" classname="com.app.testGuru.first.NewTest"/>
</testsuite> <!-- com.app.testGuru.first.NewTest -->
