<?xml version="1.0" encoding="UTF-8"?>
<!-- Generated by org.testng.reporters.JUnitReportReporter -->
<testsuite hostname="Deepaks-MacBook-Pro-3.local" name="com.app.testGuru.first.WebPageAutomation" tests="1" failures="0" timestamp="23 Aug 2016 06:12:51 GMT" time="0.710" errors="0">
  <testcase name="verifyMobileApp" time="0.710" classname="com.app.testGuru.first.WebPageAutomation"/>
</testsuite> <!-- com.app.testGuru.first.WebPageAutomation -->
