<?xml version="1.0" encoding="UTF-8"?>
<!-- Generated by org.testng.reporters.JUnitReportReporter -->
<testsuite hostname="Deepaks-MacBook-Pro-3.local" name="com.app.HomeLogin.FaceBookLogin" tests="2" failures="0" timestamp="1 Aug 2016 15:44:04 GMT" time="6.755" errors="0">
  <testcase name="TestHomePage" time="3.092" classname="com.app.HomeLogin.FaceBookLogin"/>
  <testcase name="TestLoginPage" time="3.663" classname="com.app.HomeLogin.FaceBookLogin"/>
</testsuite> <!-- com.app.HomeLogin.FaceBookLogin -->
