<?xml version="1.0" encoding="UTF-8"?>
<!-- Generated by org.testng.reporters.JUnitReportReporter -->
<testsuite hostname="Deepaks-MacBook-Pro-3.local" name="com.app.automation.WebPageAutomation" tests="6" failures="0" timestamp="30 Aug 2016 06:19:08 GMT" time="10.024" errors="0">
  <testcase name="compareItemPrice" time="1.098" classname="com.app.automation.WebPageAutomation"/>
  <testcase name="verifyCartItems" time="1.503" classname="com.app.automation.WebPageAutomation"/>
  <testcase name="launchWebApp" time="3.850" classname="com.app.automation.WebPageAutomation"/>
  <testcase name="verifyItemSortByName" time="0.390" classname="com.app.automation.WebPageAutomation"/>
  <testcase name="verifyAddCartItems" time="2.701" classname="com.app.automation.WebPageAutomation"/>
  <testcase name="testMobilePage" time="0.482" classname="com.app.automation.WebPageAutomation"/>
</testsuite> <!-- com.app.automation.WebPageAutomation -->
