<?xml version="1.0" encoding="UTF-8"?>
<!-- Generated by org.testng.reporters.JUnitReportReporter -->
<testsuite hostname="Deepaks-MacBook-Pro-3.local" name="com.app.pomTest.LoginTest" tests="1" failures="0" timestamp="28 Jul 2016 15:40:51 GMT" time="2.961" errors="0">
  <testcase name="homePage" time="2.961" classname="com.app.pomTest.LoginTest"/>
</testsuite> <!-- com.app.pomTest.LoginTest -->
