<?xml version="1.0" encoding="UTF-8"?>
<!-- Generated by org.testng.reporters.JUnitReportReporter -->
<testsuite hostname="Deepaks-MacBook-Pro-3.local" name="com.app.testGuru.first.SortWebElements" tests="3" failures="0" timestamp="20 Aug 2016 23:22:25 GMT" time="3.112" errors="0">
  <testcase name="testMobilePage" time="2.650" classname="com.app.testGuru.first.SortWebElements"/>
  <testcase name="verifyMobileApp" time="0.103" classname="com.app.testGuru.first.SortWebElements"/>
  <testcase name="pageSortByName" time="0.359" classname="com.app.testGuru.first.SortWebElements"/>
</testsuite> <!-- com.app.testGuru.first.SortWebElements -->
